#! /usr/bin/vvp
:ivl_version "10.1 (stable)" "(v10_1)";
:ivl_delay_selection "TYPICAL";
:vpi_time_precision - 11;
:vpi_module "system";
:vpi_module "vhdl_sys";
:vpi_module "v2005_math";
:vpi_module "va_math";
S_0x280be60 .scope module, "wb_snoop_arbiter_tb" "wb_snoop_arbiter_tb" 2 6;
 .timescale -9 -11;
P_0x2829c20 .param/l "IDLE" 1 2 13, C4<0001>;
P_0x2829c60 .param/l "MEM_ACCESS" 1 2 16, C4<1000>;
P_0x2829ca0 .param/l "POLL_RESPONSE_NEGATIVE" 1 2 25, C4<00>;
P_0x2829ce0 .param/l "POLL_RESPONSE_POSITIVE" 1 2 24, C4<11>;
P_0x2829d20 .param/l "POLL_RESPONSE_UNDEFINED" 1 2 23, C4<10>;
P_0x2829d60 .param/l "SNOOP_READ" 1 2 15, C4<0100>;
P_0x2829da0 .param/l "SNOOP_READ_DATA_NEGATIVE" 1 2 28, C4<00>;
P_0x2829de0 .param/l "SNOOP_READ_DATA_POSITIVE" 1 2 27, C4<11>;
P_0x2829e20 .param/l "SNOOP_READ_DATA_UNDEFINED" 1 2 30, C4<10>;
P_0x2829e60 .param/l "SNOOP_READ_POLL_FAILED" 1 2 29, +C4<00000000000000000000000000000000>;
P_0x2829ea0 .param/l "SNOOP_TYPE_IDLE" 1 2 18, C4<00>;
P_0x2829ee0 .param/l "SNOOP_TYPE_NOT_USED" 1 2 21, C4<11>;
P_0x2829f20 .param/l "SNOOP_TYPE_READ" 1 2 19, C4<01>;
P_0x2829f60 .param/l "SNOOP_TYPE_WRITE" 1 2 20, C4<10>;
P_0x2829fa0 .param/l "SNOOP_WRITE" 1 2 14, C4<0010>;
P_0x2829fe0 .param/l "aw" 1 2 10, +C4<00000000000000000000000000100000>;
P_0x282a020 .param/l "dw" 1 2 11, +C4<00000000000000000000000000100000>;
P_0x282a060 .param/l "num_cores" 1 2 9, +C4<00000000000000000000000000000100>;
v0x280c270_0 .var "clk", 0 0;
v0x2850550_0 .net "m_ack_o", 3 0, L_0x28658b0;  1 drivers
v0x28505f0_0 .var "m_adr_i", 127 0;
v0x28506f0_0 .var "m_bte_i", 7 0;
v0x28507c0_0 .var "m_cti_i", 11 0;
v0x28508b0_0 .var "m_cyc_i", 3 0;
v0x2850950_0 .var "m_dat_i", 127 0;
v0x2850a20_0 .net "m_dat_o", 127 0, L_0x2864ff0;  1 drivers
v0x2850ac0_0 .net "m_err_o", 3 0, L_0x2865ee0;  1 drivers
v0x2850c20_0 .net "m_rty_o", 3 0, L_0x28663a0;  1 drivers
v0x2850cf0_0 .var "m_sel_i", 15 0;
v0x2850dc0_0 .var "m_stb_i", 3 0;
v0x2850e90_0 .var "m_we_i", 3 0;
v0x2850f60_0 .net "op_adr_o", 127 0, v0x284e2b0_0;  1 drivers
v0x2851030_0 .var "op_response_i", 7 0;
v0x2851100_0 .net "op_type_o", 1 0, v0x284e550_0;  1 drivers
v0x28511d0_0 .var "oped_dat_i", 127 0;
v0x2851380_0 .var "rst", 0 0;
v0x2851420_0 .var "s_ack_i", 0 0;
v0x28514c0_0 .net "s_adr_o", 31 0, L_0x2863390;  1 drivers
v0x2851560_0 .net "s_bte_o", 1 0, L_0x2864a70;  1 drivers
v0x2851600_0 .net "s_cti_o", 2 0, L_0x28646b0;  1 drivers
v0x28516d0_0 .net "s_cyc_o", 0 0, L_0x2863c00;  1 drivers
v0x28517a0_0 .var "s_dat_i", 31 0;
v0x2851870_0 .net "s_dat_o", 31 0, L_0x28637a0;  1 drivers
v0x2851940_0 .var "s_err_i", 0 0;
v0x2851a10_0 .var "s_rty_i", 0 0;
v0x2851ae0_0 .net "s_sel_o", 3 0, L_0x2863c70;  1 drivers
v0x2851bb0_0 .net "s_stb_o", 0 0, L_0x2864150;  1 drivers
v0x2851c80_0 .net "s_we_o", 0 0, L_0x2863e00;  1 drivers
S_0x2814460 .scope module, "uut" "wb_snoop_arbiter" 2 89, 3 1 0, S_0x280be60;
 .timescale -9 -11;
    .port_info 0 /INPUT 1 "wb_clk_i"
    .port_info 1 /INPUT 1 "wb_rst_i"
    .port_info 2 /INPUT 128 "wbm_adr_i"
    .port_info 3 /INPUT 128 "wbm_dat_i"
    .port_info 4 /INPUT 16 "wbm_sel_i"
    .port_info 5 /INPUT 4 "wbm_we_i"
    .port_info 6 /INPUT 4 "wbm_cyc_i"
    .port_info 7 /INPUT 4 "wbm_stb_i"
    .port_info 8 /INPUT 12 "wbm_cti_i"
    .port_info 9 /INPUT 8 "wbm_bte_i"
    .port_info 10 /OUTPUT 128 "wbm_dat_o"
    .port_info 11 /OUTPUT 4 "wbm_ack_o"
    .port_info 12 /OUTPUT 4 "wbm_err_o"
    .port_info 13 /OUTPUT 4 "wbm_rty_o"
    .port_info 14 /OUTPUT 32 "wbs_adr_o"
    .port_info 15 /OUTPUT 32 "wbs_dat_o"
    .port_info 16 /OUTPUT 4 "wbs_sel_o"
    .port_info 17 /OUTPUT 1 "wbs_we_o"
    .port_info 18 /OUTPUT 1 "wbs_cyc_o"
    .port_info 19 /OUTPUT 1 "wbs_stb_o"
    .port_info 20 /OUTPUT 3 "wbs_cti_o"
    .port_info 21 /OUTPUT 2 "wbs_bte_o"
    .port_info 22 /INPUT 32 "wbs_dat_i"
    .port_info 23 /INPUT 1 "wbs_ack_i"
    .port_info 24 /INPUT 1 "wbs_err_i"
    .port_info 25 /INPUT 1 "wbs_rty_i"
    .port_info 26 /OUTPUT 128 "snoop_adr_o"
    .port_info 27 /OUTPUT 2 "snoop_type_o"
    .port_info 28 /INPUT 8 "snoop_response_i"
    .port_info 29 /INPUT 128 "snooped_dat_i"
P_0x282a0b0 .param/l "IDLE" 1 3 67, C4<0001>;
P_0x282a0f0 .param/l "MEM_ACCESS" 1 3 70, C4<1000>;
P_0x282a130 .param/l "POLL_RESPONSE_NEGATIVE" 1 3 80, C4<00>;
P_0x282a170 .param/l "POLL_RESPONSE_POSITIVE" 1 3 79, C4<11>;
P_0x282a1b0 .param/l "POLL_RESPONSE_UNDEFINED" 1 3 78, C4<10>;
P_0x282a1f0 .param/l "SNOOP_READ" 1 3 69, C4<0100>;
P_0x282a230 .param/l "SNOOP_READ_DATA_NEGATIVE" 1 3 83, C4<00>;
P_0x282a270 .param/l "SNOOP_READ_DATA_POSITIVE" 1 3 82, C4<11>;
P_0x282a2b0 .param/l "SNOOP_READ_DATA_UNDEFINED" 1 3 85, C4<10>;
P_0x282a2f0 .param/l "SNOOP_READ_POLL_FAILED" 1 3 84, +C4<00000000000000000000000000000000>;
P_0x282a330 .param/l "SNOOP_TYPE_IDLE" 1 3 73, C4<00>;
P_0x282a370 .param/l "SNOOP_TYPE_NOT_USED" 1 3 76, C4<11>;
P_0x282a3b0 .param/l "SNOOP_TYPE_READ" 1 3 74, C4<01>;
P_0x282a3f0 .param/l "SNOOP_TYPE_WRITE" 1 3 75, C4<10>;
P_0x282a430 .param/l "SNOOP_WRITE" 1 3 68, C4<0010>;
P_0x282a470 .param/l "aw" 0 3 3, +C4<00000000000000000000000000100000>;
P_0x282a4b0 .param/l "dw" 0 3 2, +C4<00000000000000000000000000100000>;
P_0x282a4f0 .param/l "master_sel_bits" 1 3 54, +C4<00000000000000000000000000000010>;
P_0x282a530 .param/l "num_cores" 0 3 4, +C4<00000000000000000000000000000100>;
L_0x2863c00 .functor AND 1, L_0x2863fc0, v0x2847650_0, C4<1>, C4<1>;
L_0x2865440 .functor AND 4, L_0x2865090, L_0x2865580, C4<1111>, C4<1111>;
L_0x2864940 .functor AND 4, L_0x2865ab0, L_0x2865bf0, C4<1111>, C4<1111>;
L_0x2866290 .functor AND 4, L_0x2866020, L_0x2865d70, C4<1111>, C4<1111>;
L_0x7f40a01f6498 .functor BUFT 1, C4<000>, C4<0>, C4<0>, C4<0>;
v0x284b290_0 .net *"_s101", 2 0, L_0x7f40a01f6498;  1 drivers
v0x284b390_0 .net *"_s102", 3 0, L_0x2864940;  1 drivers
v0x284b470_0 .net *"_s106", 3 0, L_0x2866020;  1 drivers
L_0x7f40a01f64e0 .functor BUFT 1, C4<000>, C4<0>, C4<0>, C4<0>;
v0x284b560_0 .net *"_s109", 2 0, L_0x7f40a01f64e0;  1 drivers
v0x284b640_0 .net *"_s11", 31 0, L_0x2863210;  1 drivers
v0x284b770_0 .net *"_s110", 3 0, L_0x2865d70;  1 drivers
L_0x7f40a01f6528 .functor BUFT 1, C4<000>, C4<0>, C4<0>, C4<0>;
v0x284b850_0 .net *"_s113", 2 0, L_0x7f40a01f6528;  1 drivers
v0x284b930_0 .net *"_s114", 3 0, L_0x2866290;  1 drivers
v0x284ba10_0 .net *"_s14", 31 0, L_0x2863520;  1 drivers
L_0x7f40a01f60a8 .functor BUFT 1, C4<000000000000000000000000000000>, C4<0>, C4<0>, C4<0>;
v0x284bb80_0 .net *"_s17", 29 0, L_0x7f40a01f60a8;  1 drivers
L_0x7f40a01f60f0 .functor BUFT 1, C4<00000000000000000000000000100000>, C4<0>, C4<0>, C4<0>;
v0x284bc60_0 .net/2u *"_s18", 31 0, L_0x7f40a01f60f0;  1 drivers
v0x284bd40_0 .net *"_s21", 31 0, L_0x2863660;  1 drivers
v0x284be20_0 .net *"_s24", 31 0, L_0x2863990;  1 drivers
L_0x7f40a01f6138 .functor BUFT 1, C4<000000000000000000000000000000>, C4<0>, C4<0>, C4<0>;
v0x284bf00_0 .net *"_s27", 29 0, L_0x7f40a01f6138;  1 drivers
L_0x7f40a01f6180 .functor BUFT 1, C4<00000000000000000000000000000100>, C4<0>, C4<0>, C4<0>;
v0x284bfe0_0 .net/2u *"_s28", 31 0, L_0x7f40a01f6180;  1 drivers
v0x284c0c0_0 .net *"_s31", 31 0, L_0x2863ac0;  1 drivers
v0x284c1a0_0 .net *"_s37", 0 0, L_0x2863fc0;  1 drivers
v0x284c350_0 .net *"_s4", 31 0, L_0x2853110;  1 drivers
v0x284c3f0_0 .net *"_s42", 31 0, L_0x2864320;  1 drivers
L_0x7f40a01f61c8 .functor BUFT 1, C4<000000000000000000000000000000>, C4<0>, C4<0>, C4<0>;
v0x284c4d0_0 .net *"_s45", 29 0, L_0x7f40a01f61c8;  1 drivers
L_0x7f40a01f6210 .functor BUFT 1, C4<00000000000000000000000000000011>, C4<0>, C4<0>, C4<0>;
v0x284c5b0_0 .net/2u *"_s46", 31 0, L_0x7f40a01f6210;  1 drivers
v0x284c690_0 .net *"_s49", 31 0, L_0x28644d0;  1 drivers
v0x284c770_0 .net *"_s52", 31 0, L_0x28647f0;  1 drivers
L_0x7f40a01f6258 .functor BUFT 1, C4<000000000000000000000000000000>, C4<0>, C4<0>, C4<0>;
v0x284c850_0 .net *"_s55", 29 0, L_0x7f40a01f6258;  1 drivers
L_0x7f40a01f62a0 .functor BUFT 1, C4<00000000000000000000000000000010>, C4<0>, C4<0>, C4<0>;
v0x284c930_0 .net/2u *"_s56", 31 0, L_0x7f40a01f62a0;  1 drivers
v0x284ca10_0 .net *"_s59", 31 0, L_0x28649d0;  1 drivers
L_0x7f40a01f62e8 .functor BUFT 1, C4<11>, C4<0>, C4<0>, C4<0>;
v0x284caf0_0 .net/2u *"_s62", 1 0, L_0x7f40a01f62e8;  1 drivers
v0x284cbd0_0 .net *"_s64", 0 0, L_0x2864890;  1 drivers
v0x284cc90_0 .net *"_s66", 127 0, L_0x2864d10;  1 drivers
v0x284cd70_0 .net *"_s68", 127 0, L_0x2864c00;  1 drivers
L_0x7f40a01f6018 .functor BUFT 1, C4<000000000000000000000000000000>, C4<0>, C4<0>, C4<0>;
v0x284ce50_0 .net *"_s7", 29 0, L_0x7f40a01f6018;  1 drivers
L_0x7f40a01f6330 .functor BUFT 1, C4<11>, C4<0>, C4<0>, C4<0>;
v0x284cf30_0 .net/2u *"_s72", 1 0, L_0x7f40a01f6330;  1 drivers
v0x284d010_0 .net *"_s74", 0 0, L_0x28651c0;  1 drivers
L_0x7f40a01f6378 .functor BUFT 1, C4<0001>, C4<0>, C4<0>, C4<0>;
v0x284c260_0 .net/2u *"_s76", 3 0, L_0x7f40a01f6378;  1 drivers
v0x284d2c0_0 .net *"_s78", 3 0, L_0x2865300;  1 drivers
L_0x7f40a01f6060 .functor BUFT 1, C4<00000000000000000000000000100000>, C4<0>, C4<0>, C4<0>;
v0x284d3a0_0 .net/2u *"_s8", 31 0, L_0x7f40a01f6060;  1 drivers
v0x284d480_0 .net *"_s80", 3 0, L_0x2865090;  1 drivers
L_0x7f40a01f63c0 .functor BUFT 1, C4<000>, C4<0>, C4<0>, C4<0>;
v0x284d560_0 .net *"_s83", 2 0, L_0x7f40a01f63c0;  1 drivers
v0x284d640_0 .net *"_s84", 3 0, L_0x2865580;  1 drivers
L_0x7f40a01f6408 .functor BUFT 1, C4<000>, C4<0>, C4<0>, C4<0>;
v0x284d720_0 .net *"_s87", 2 0, L_0x7f40a01f6408;  1 drivers
v0x284d800_0 .net *"_s88", 3 0, L_0x2865440;  1 drivers
v0x284d8e0_0 .net *"_s90", 3 0, L_0x28657c0;  1 drivers
v0x284d9c0_0 .net *"_s94", 3 0, L_0x2865ab0;  1 drivers
L_0x7f40a01f6450 .functor BUFT 1, C4<000>, C4<0>, C4<0>, C4<0>;
v0x284daa0_0 .net *"_s97", 2 0, L_0x7f40a01f6450;  1 drivers
v0x284db80_0 .net *"_s98", 3 0, L_0x2865bf0;  1 drivers
v0x284dc60_0 .net "active", 0 0, v0x2847650_0;  1 drivers
v0x284dd00_0 .var "arbiter_cyc", 3 0;
v0x284ddd0_0 .net "grant", 3 0, v0x28477e0_0;  1 drivers
v0x284dea0_0 .net "master_sel", 1 0, v0x2847c50_0;  1 drivers
v0x284df70_0 .var "mem_access_active", 0 0;
v0x284e010_0 .var "poll_response_flag", 1 0;
v0x284e0f0_0 .var "saved_master_sel", 1 0;
v0x284e1d0_0 .var "saved_request", 3 0;
v0x284e2b0_0 .var "snoop_adr_o", 127 0;
v0x284e390_0 .var "snoop_adr_reg", 31 0;
v0x284e470_0 .net "snoop_response_i", 7 0, v0x2851030_0;  1 drivers
v0x284e550_0 .var "snoop_type_o", 1 0;
v0x284e630_0 .var "snooped_dat", 31 0;
v0x284e710_0 .net "snooped_dat_i", 127 0, v0x28511d0_0;  1 drivers
v0x284e7f0_0 .var "state", 3 0;
v0x284e8d0_0 .net "wb_clk_i", 0 0, v0x280c270_0;  1 drivers
v0x284e9a0_0 .net "wb_rst_i", 0 0, v0x2851380_0;  1 drivers
v0x284ea70_0 .net "wbm_ack_o", 3 0, L_0x28658b0;  alias, 1 drivers
v0x284eb10_0 .net "wbm_adr_i", 127 0, v0x28505f0_0;  1 drivers
v0x284ebf0_0 .net "wbm_bte_i", 7 0, v0x28506f0_0;  1 drivers
v0x284d0b0_0 .net "wbm_cti_i", 11 0, v0x28507c0_0;  1 drivers
v0x284d190_0 .net "wbm_cyc_i", 3 0, v0x28508b0_0;  1 drivers
v0x284f0a0_0 .net "wbm_dat_i", 127 0, v0x2850950_0;  1 drivers
v0x284f140_0 .net "wbm_dat_o", 127 0, L_0x2864ff0;  alias, 1 drivers
v0x284f220_0 .net "wbm_err_o", 3 0, L_0x2865ee0;  alias, 1 drivers
v0x284f300_0 .net "wbm_rty_o", 3 0, L_0x28663a0;  alias, 1 drivers
v0x284f3e0_0 .net "wbm_sel_i", 15 0, v0x2850cf0_0;  1 drivers
v0x284f4c0_0 .net "wbm_stb_i", 3 0, v0x2850dc0_0;  1 drivers
v0x284f5a0_0 .net "wbm_we_i", 3 0, v0x2850e90_0;  1 drivers
v0x284f680_0 .net "wbs_ack_i", 0 0, v0x2851420_0;  1 drivers
v0x284f740_0 .net "wbs_adr_o", 31 0, L_0x2863390;  alias, 1 drivers
v0x284f820_0 .net "wbs_bte_o", 1 0, L_0x2864a70;  alias, 1 drivers
v0x284f900_0 .net "wbs_cti_o", 2 0, L_0x28646b0;  alias, 1 drivers
v0x284f9e0_0 .net "wbs_cyc_o", 0 0, L_0x2863c00;  alias, 1 drivers
v0x284faa0_0 .net "wbs_dat_i", 31 0, v0x28517a0_0;  1 drivers
v0x284fb80_0 .net "wbs_dat_o", 31 0, L_0x28637a0;  alias, 1 drivers
v0x284fc60_0 .net "wbs_err_i", 0 0, v0x2851940_0;  1 drivers
v0x284fd20_0 .net "wbs_rty_i", 0 0, v0x2851a10_0;  1 drivers
v0x284fde0_0 .net "wbs_sel_o", 3 0, L_0x2863c70;  alias, 1 drivers
v0x284fec0_0 .net "wbs_stb_o", 0 0, L_0x2864150;  alias, 1 drivers
v0x284ff80_0 .net "wbs_we_o", 0 0, L_0x2863e00;  alias, 1 drivers
E_0x280b1d0 .event edge, v0x284e470_0;
E_0x280a120/0 .event edge, v0x2847b90_0;
E_0x280a120/1 .event posedge, v0x2847710_0;
E_0x280a120 .event/or E_0x280a120/0, E_0x280a120/1;
E_0x2809070 .event edge, v0x2847650_0, v0x2847c50_0;
L_0x2851d50 .part v0x28508b0_0, 0, 1;
L_0x2851e70 .part v0x28508b0_0, 1, 1;
L_0x2851f10 .part v0x28508b0_0, 2, 1;
L_0x2852070 .part v0x28508b0_0, 3, 1;
L_0x2853110 .concat [ 2 30 0 0], v0x2847c50_0, L_0x7f40a01f6018;
L_0x2863210 .arith/mult 32, L_0x2853110, L_0x7f40a01f6060;
L_0x2863390 .part/v v0x28505f0_0, L_0x2863210, 32;
L_0x2863520 .concat [ 2 30 0 0], v0x2847c50_0, L_0x7f40a01f60a8;
L_0x2863660 .arith/mult 32, L_0x2863520, L_0x7f40a01f60f0;
L_0x28637a0 .part/v v0x2850950_0, L_0x2863660, 32;
L_0x2863990 .concat [ 2 30 0 0], v0x2847c50_0, L_0x7f40a01f6138;
L_0x2863ac0 .arith/mult 32, L_0x2863990, L_0x7f40a01f6180;
L_0x2863c70 .part/v v0x2850cf0_0, L_0x2863ac0, 4;
L_0x2863e00 .part/v v0x2850e90_0, v0x2847c50_0, 1;
L_0x2863fc0 .part/v v0x28508b0_0, v0x2847c50_0, 1;
L_0x2864150 .part/v v0x2850dc0_0, v0x2847c50_0, 1;
L_0x2864320 .concat [ 2 30 0 0], v0x2847c50_0, L_0x7f40a01f61c8;
L_0x28644d0 .arith/mult 32, L_0x2864320, L_0x7f40a01f6210;
L_0x28646b0 .part/v v0x28507c0_0, L_0x28644d0, 3;
L_0x28647f0 .concat [ 2 30 0 0], v0x2847c50_0, L_0x7f40a01f6258;
L_0x28649d0 .arith/mult 32, L_0x28647f0, L_0x7f40a01f62a0;
L_0x2864a70 .part/v v0x28506f0_0, L_0x28649d0, 2;
L_0x2864890 .cmp/eq 2, v0x284e010_0, L_0x7f40a01f62e8;
L_0x2864d10 .concat [ 32 32 32 32], v0x284e630_0, v0x284e630_0, v0x284e630_0, v0x284e630_0;
L_0x2864c00 .concat [ 32 32 32 32], v0x28517a0_0, v0x28517a0_0, v0x28517a0_0, v0x28517a0_0;
L_0x2864ff0 .functor MUXZ 128, L_0x2864c00, L_0x2864d10, L_0x2864890, C4<>;
L_0x28651c0 .cmp/eq 2, v0x284e010_0, L_0x7f40a01f6330;
L_0x2865300 .shift/l 4, L_0x7f40a01f6378, v0x284e0f0_0;
L_0x2865090 .concat [ 1 3 0 0], v0x2851420_0, L_0x7f40a01f63c0;
L_0x2865580 .concat [ 1 3 0 0], v0x2847650_0, L_0x7f40a01f6408;
L_0x28657c0 .shift/l 4, L_0x2865440, v0x2847c50_0;
L_0x28658b0 .functor MUXZ 4, L_0x28657c0, L_0x2865300, L_0x28651c0, C4<>;
L_0x2865ab0 .concat [ 1 3 0 0], v0x2851940_0, L_0x7f40a01f6450;
L_0x2865bf0 .concat [ 1 3 0 0], v0x2847650_0, L_0x7f40a01f6498;
L_0x2865ee0 .shift/l 4, L_0x2864940, v0x2847c50_0;
L_0x2866020 .concat [ 1 3 0 0], v0x2851a10_0, L_0x7f40a01f64e0;
L_0x2865d70 .concat [ 1 3 0 0], v0x2847650_0, L_0x7f40a01f6528;
L_0x28663a0 .shift/l 4, L_0x2866290, v0x2847c50_0;
S_0x281de40 .scope module, "arbiter0" "arbiter" 3 95, 4 30 0, S_0x2814460;
 .timescale 0 0;
    .port_info 0 /INPUT 1 "clk"
    .port_info 1 /INPUT 1 "rst"
    .port_info 2 /INPUT 4 "request"
    .port_info 3 /OUTPUT 4 "grant"
    .port_info 4 /OUTPUT 2 "select"
    .port_info 5 /OUTPUT 1 "active"
P_0x27ba970 .param/l "NUM_PORTS" 0 4 32, +C4<00000000000000000000000000000100>;
P_0x27ba9b0 .param/l "WRAP_LENGTH" 1 4 45, +C4<0000000000000000000000000000000000000000000000000000000000001000>;
L_0x2852fb0 .functor AND 4, v0x2847dc0_0, v0x284dd00_0, C4<1111>, C4<1111>;
v0x2847550_0 .net *"_s15", 3 0, L_0x2852fb0;  1 drivers
v0x2847650_0 .var "active", 0 0;
v0x2847710_0 .net "clk", 0 0, v0x280c270_0;  alias, 1 drivers
v0x28477e0_0 .var "grant", 3 0;
v0x28478c0_0 .net "next", 0 0, L_0x2853020;  1 drivers
v0x28479d0_0 .net "order", 3 0, L_0x2852ae0;  1 drivers
v0x2847ab0_0 .net "request", 3 0, v0x284dd00_0;  1 drivers
v0x2847b90_0 .net "rst", 0 0, v0x2851380_0;  alias, 1 drivers
v0x2847c50_0 .var "select", 1 0;
v0x2847dc0_0 .var "token", 3 0;
v0x2847ea0 .array "token_lookahead", 0 3;
v0x2847ea0_0 .net v0x2847ea0 0, 3 0, L_0x2852170; 1 drivers
v0x2847ea0_1 .net v0x2847ea0 1, 3 0, L_0x2852450; 1 drivers
v0x2847ea0_2 .net v0x2847ea0 2, 3 0, L_0x28526f0; 1 drivers
v0x2847ea0_3 .net v0x2847ea0 3, 3 0, L_0x2852980; 1 drivers
v0x2847fe0_0 .net "token_wrap", 7 0, L_0x2852e80;  1 drivers
v0x28480c0_0 .var/i "yy", 31 0;
E_0x280e670 .event posedge, v0x2847710_0;
L_0x2852170 .part L_0x2852e80, 0, 4;
L_0x2852450 .part L_0x2852e80, 1, 4;
L_0x28526f0 .part L_0x2852e80, 2, 4;
L_0x2852980 .part L_0x2852e80, 3, 4;
L_0x2852ae0 .concat8 [ 1 1 1 1], L_0x2852360, L_0x2852600, L_0x28528e0, L_0x2852d40;
L_0x2852e80 .concat [ 4 4 0 0], v0x2847dc0_0, v0x2847dc0_0;
L_0x2853020 .reduce/nor L_0x2852fb0;
S_0x281c820 .scope generate, "ORDER_[0]" "ORDER_[0]" 4 118, 4 118 0, S_0x281de40;
 .timescale 0 0;
P_0x280bc40 .param/l "xx" 0 4 118, +C4<00>;
L_0x2852270 .functor AND 4, L_0x2852170, v0x284dd00_0, C4<1111>, C4<1111>;
v0x27baa80_0 .net *"_s3", 3 0, L_0x2852270;  1 drivers
v0x28460a0_0 .net *"_s6", 0 0, L_0x2852360;  1 drivers
L_0x2852360 .reduce/or L_0x2852270;
S_0x2846160 .scope generate, "ORDER_[1]" "ORDER_[1]" 4 118, 4 118 0, S_0x281de40;
 .timescale 0 0;
P_0x2846370 .param/l "xx" 0 4 118, +C4<01>;
L_0x2852540 .functor AND 4, L_0x2852450, v0x284dd00_0, C4<1111>, C4<1111>;
v0x2846430_0 .net *"_s3", 3 0, L_0x2852540;  1 drivers
v0x2846510_0 .net *"_s6", 0 0, L_0x2852600;  1 drivers
L_0x2852600 .reduce/or L_0x2852540;
S_0x28465d0 .scope generate, "ORDER_[2]" "ORDER_[2]" 4 118, 4 118 0, S_0x281de40;
 .timescale 0 0;
P_0x2846810 .param/l "xx" 0 4 118, +C4<010>;
L_0x2852790 .functor AND 4, L_0x28526f0, v0x284dd00_0, C4<1111>, C4<1111>;
v0x28468b0_0 .net *"_s3", 3 0, L_0x2852790;  1 drivers
v0x2846990_0 .net *"_s6", 0 0, L_0x28528e0;  1 drivers
L_0x28528e0 .reduce/or L_0x2852790;
S_0x2846a50 .scope generate, "ORDER_[3]" "ORDER_[3]" 4 118, 4 118 0, S_0x281de40;
 .timescale 0 0;
P_0x2846c60 .param/l "xx" 0 4 118, +C4<011>;
L_0x2852c80 .functor AND 4, L_0x2852980, v0x284dd00_0, C4<1111>, C4<1111>;
v0x2846d20_0 .net *"_s3", 3 0, L_0x2852c80;  1 drivers
v0x2846e00_0 .net *"_s6", 0 0, L_0x2852d40;  1 drivers
L_0x2852d40 .reduce/or L_0x2852c80;
S_0x2846ec0 .scope begin, "TOKEN_" "TOKEN_" 4 107, 4 107 0, S_0x281de40;
 .timescale 0 0;
S_0x28470e0 .scope function, "ff1" "ff1" 4 50, 4 50 0, S_0x281de40;
 .timescale 0 0;
v0x28472b0_0 .var "ff1", 1 0;
v0x28473b0_0 .var/i "i", 31 0;
v0x2847490_0 .var "in", 3 0;
TD_wb_snoop_arbiter_tb.uut.arbiter0.ff1 ;
    %pushi/vec4 0, 0, 2;
    %store/vec4 v0x28472b0_0, 0, 2;
    %pushi/vec4 3, 0, 32;
    %store/vec4 v0x28473b0_0, 0, 32;
T_0.0 ;
    %pushi/vec4 0, 0, 32;
    %load/vec4 v0x28473b0_0;
    %cmp/s;
    %flag_or 5, 4;
    %jmp/0xz T_0.1, 5;
    %load/vec4 v0x2847490_0;
    %load/vec4 v0x28473b0_0;
    %part/s 1;
    %flag_set/vec4 8;
    %jmp/0xz  T_0.2, 8;
    %load/vec4 v0x28473b0_0;
    %pad/s 2;
    %store/vec4 v0x28472b0_0, 0, 2;
T_0.2 ;
    %load/vec4 v0x28473b0_0;
    %subi 1, 0, 32;
    %store/vec4 v0x28473b0_0, 0, 32;
    %jmp T_0.0;
T_0.1 ;
    %end;
S_0x28482a0 .scope function, "clog2" "clog2" 5 42, 5 42 0, S_0x2814460;
 .timescale -9 -11;
v0x2848440_0 .var/i "clog2", 31 0;
v0x2848520_0 .var/i "in", 31 0;
TD_wb_snoop_arbiter_tb.uut.clog2 ;
    %load/vec4 v0x2848520_0;
    %subi 1, 0, 32;
    %store/vec4 v0x2848520_0, 0, 32;
    %pushi/vec4 0, 0, 32;
    %store/vec4 v0x2848440_0, 0, 32;
T_1.4 ;
    %pushi/vec4 0, 0, 32;
    %load/vec4 v0x2848520_0;
    %cmp/s;
    %jmp/0xz T_1.5, 5;
    %load/vec4 v0x2848520_0;
    %ix/load 4, 1, 0;
    %flag_set/imm 4, 0;
    %shiftr 4;
    %store/vec4 v0x2848520_0, 0, 32;
    %load/vec4 v0x2848440_0;
    %addi 1, 0, 32;
    %store/vec4 v0x2848440_0, 0, 32;
    %jmp T_1.4;
T_1.5 ;
    %end;
S_0x2848600 .scope function, "ff1" "ff1" 5 54, 5 54 0, S_0x2814460;
 .timescale -9 -11;
v0x2848800_0 .var/i "ff1", 31 0;
v0x28488e0_0 .var/i "i", 31 0;
v0x28489c0_0 .var/i "in", 31 0;
v0x2848ab0_0 .var/i "width", 31 0;
TD_wb_snoop_arbiter_tb.uut.ff1 ;
    %pushi/vec4 0, 0, 32;
    %store/vec4 v0x2848800_0, 0, 32;
    %load/vec4 v0x2848ab0_0;
    %subi 1, 0, 32;
    %store/vec4 v0x28488e0_0, 0, 32;
T_2.6 ;
    %pushi/vec4 0, 0, 32;
    %load/vec4 v0x28488e0_0;
    %cmp/s;
    %flag_or 5, 4;
    %jmp/0xz T_2.7, 5;
    %load/vec4 v0x28489c0_0;
    %load/vec4 v0x28488e0_0;
    %part/s 1;
    %flag_set/vec4 8;
    %jmp/0xz  T_2.8, 8;
    %load/vec4 v0x28488e0_0;
    %store/vec4 v0x2848800_0, 0, 32;
T_2.8 ;
    %load/vec4 v0x28488e0_0;
    %subi 1, 0, 32;
    %store/vec4 v0x28488e0_0, 0, 32;
    %jmp T_2.6;
T_2.7 ;
    %end;
S_0x2848b90 .scope function, "fl1" "fl1" 5 70, 5 70 0, S_0x2814460;
 .timescale -9 -11;
v0x2848d60_0 .var/i "fl1", 31 0;
v0x2848e60_0 .var/i "i", 31 0;
v0x2848f40_0 .var/i "in", 31 0;
v0x2849030_0 .var/i "width", 31 0;
TD_wb_snoop_arbiter_tb.uut.fl1 ;
    %pushi/vec4 0, 0, 32;
    %store/vec4 v0x2848d60_0, 0, 32;
    %pushi/vec4 0, 0, 32;
    %store/vec4 v0x2848e60_0, 0, 32;
T_3.10 ;
    %load/vec4 v0x2848e60_0;
    %load/vec4 v0x2849030_0;
    %cmp/s;
    %jmp/0xz T_3.11, 5;
    %load/vec4 v0x2848f40_0;
    %load/vec4 v0x2848e60_0;
    %part/s 1;
    %flag_set/vec4 8;
    %jmp/0xz  T_3.12, 8;
    %load/vec4 v0x2848e60_0;
    %store/vec4 v0x2848d60_0, 0, 32;
T_3.12 ;
    %load/vec4 v0x2848e60_0;
    %addi 1, 0, 32;
    %store/vec4 v0x2848e60_0, 0, 32;
    %jmp T_3.10;
T_3.11 ;
    %end;
S_0x2849110 .scope generate, "genblk1[0]" "genblk1[0]" 3 206, 3 206 0, S_0x2814460;
 .timescale -9 -11;
P_0x2849370 .param/l "i" 0 3 206, +C4<00>;
v0x2849450_0 .net *"_s1", 0 0, L_0x2851d50;  1 drivers
E_0x280e0f0 .event negedge, L_0x2851d50;
S_0x2849550 .scope generate, "genblk1[1]" "genblk1[1]" 3 206, 3 206 0, S_0x2814460;
 .timescale -9 -11;
P_0x2849760 .param/l "i" 0 3 206, +C4<01>;
v0x2849880_0 .net *"_s1", 0 0, L_0x2851e70;  1 drivers
E_0x2849820 .event negedge, L_0x2851e70;
S_0x2849980 .scope generate, "genblk1[2]" "genblk1[2]" 3 206, 3 206 0, S_0x2814460;
 .timescale -9 -11;
P_0x2849b90 .param/l "i" 0 3 206, +C4<010>;
v0x2849cb0_0 .net *"_s1", 0 0, L_0x2851f10;  1 drivers
E_0x2849c50 .event negedge, L_0x2851f10;
S_0x2849db0 .scope generate, "genblk1[3]" "genblk1[3]" 3 206, 3 206 0, S_0x2814460;
 .timescale -9 -11;
P_0x2849fc0 .param/l "i" 0 3 206, +C4<011>;
v0x284a0e0_0 .net *"_s1", 0 0, L_0x2852070;  1 drivers
E_0x284a080 .event negedge, L_0x2852070;
S_0x284a1e0 .scope begin, "master_sel_sensitivity_block" "master_sel_sensitivity_block" 3 128, 3 128 0, S_0x2814460;
 .timescale -9 -11;
v0x284a440_0 .var/i "j", 31 0;
S_0x284a540 .scope begin, "poll_response_sensitivity_block" "poll_response_sensitivity_block" 3 215, 3 215 0, S_0x2814460;
 .timescale -9 -11;
v0x284a6c0_0 .var/i "i", 31 0;
S_0x284a7c0 .scope function, "reverse_bits" "reverse_bits" 5 86, 5 86 0, S_0x2814460;
 .timescale -9 -11;
v0x284a990_0 .var/i "i", 31 0;
v0x284aa90_0 .var/i "in", 31 0;
v0x284ab70_0 .var/i "reverse_bits", 31 0;
v0x284ac30_0 .var/i "width", 31 0;
TD_wb_snoop_arbiter_tb.uut.reverse_bits ;
    %pushi/vec4 0, 0, 32;
    %store/vec4 v0x284a990_0, 0, 32;
T_4.14 ;
    %load/vec4 v0x284a990_0;
    %load/vec4 v0x284ac30_0;
    %cmp/s;
    %jmp/0xz T_4.15, 5;
    %load/vec4 v0x284aa90_0;
    %load/vec4 v0x284a990_0;
    %part/s 1;
    %load/vec4 v0x284ac30_0;
    %load/vec4 v0x284a990_0;
    %sub;
    %ix/vec4/s 4;
    %store/vec4 v0x284ab70_0, 4, 1;
    %load/vec4 v0x284a990_0;
    %addi 1, 0, 32;
    %store/vec4 v0x284a990_0, 0, 32;
    %jmp T_4.14;
T_4.15 ;
    %end;
S_0x284ad10 .scope function, "reverse_bytes" "reverse_bytes" 5 100, 5 100 0, S_0x2814460;
 .timescale -9 -11;
v0x284aee0_0 .var/i "i", 31 0;
v0x284afe0_0 .var/i "in", 31 0;
v0x284b0c0_0 .var/i "reverse_bytes", 31 0;
v0x284b1b0_0 .var/i "width", 31 0;
TD_wb_snoop_arbiter_tb.uut.reverse_bytes ;
    %pushi/vec4 0, 0, 32;
    %store/vec4 v0x284aee0_0, 0, 32;
T_5.16 ;
    %load/vec4 v0x284aee0_0;
    %load/vec4 v0x284b1b0_0;
    %cmp/s;
    %jmp/0xz T_5.17, 5;
    %load/vec4 v0x284afe0_0;
    %load/vec4 v0x284aee0_0;
    %part/s 8;
    %load/vec4 v0x284b1b0_0;
    %subi 1, 0, 32;
    %load/vec4 v0x284aee0_0;
    %sub;
    %pad/s 34;
    %subi 7, 0, 34;
    %ix/vec4/s 4;
    %store/vec4 v0x284b0c0_0, 4, 8;
    %load/vec4 v0x284aee0_0;
    %addi 8, 0, 32;
    %store/vec4 v0x284aee0_0, 0, 32;
    %jmp T_5.16;
T_5.17 ;
    %end;
    .scope S_0x2849110;
T_6 ;
    %wait E_0x280e0f0;
    %pushi/vec4 1, 0, 4;
    %store/vec4 v0x284e7f0_0, 0, 4;
    %jmp T_6;
    .thread T_6;
    .scope S_0x2849550;
T_7 ;
    %wait E_0x2849820;
    %pushi/vec4 1, 0, 4;
    %store/vec4 v0x284e7f0_0, 0, 4;
    %jmp T_7;
    .thread T_7;
    .scope S_0x2849980;
T_8 ;
    %wait E_0x2849c50;
    %pushi/vec4 1, 0, 4;
    %store/vec4 v0x284e7f0_0, 0, 4;
    %jmp T_8;
    .thread T_8;
    .scope S_0x2849db0;
T_9 ;
    %wait E_0x284a080;
    %pushi/vec4 1, 0, 4;
    %store/vec4 v0x284e7f0_0, 0, 4;
    %jmp T_9;
    .thread T_9;
    .scope S_0x281de40;
T_10 ;
    %vpi_call 4 64 "$display", "Bus arbiter with %d units", P_0x27ba970 {0 0 0};
    %end;
    .thread T_10;
    .scope S_0x281de40;
T_11 ;
    %wait E_0x280e670;
    %load/vec4 v0x2847dc0_0;
    %load/vec4 v0x2847ab0_0;
    %and;
    %assign/vec4 v0x28477e0_0, 0;
    %jmp T_11;
    .thread T_11;
    .scope S_0x281de40;
T_12 ;
    %wait E_0x280e670;
    %load/vec4 v0x2847dc0_0;
    %load/vec4 v0x2847ab0_0;
    %and;
    %store/vec4 v0x2847490_0, 0, 4;
    %fork TD_wb_snoop_arbiter_tb.uut.arbiter0.ff1, S_0x28470e0;
    %join;
    %load/vec4  v0x28472b0_0;
    %assign/vec4 v0x2847c50_0, 0;
    %jmp T_12;
    .thread T_12;
    .scope S_0x281de40;
T_13 ;
    %wait E_0x280e670;
    %load/vec4 v0x2847dc0_0;
    %load/vec4 v0x2847ab0_0;
    %and;
    %or/r;
    %assign/vec4 v0x2847650_0, 0;
    %jmp T_13;
    .thread T_13;
    .scope S_0x281de40;
T_14 ;
    %wait E_0x280e670;
    %load/vec4 v0x2847b90_0;
    %flag_set/vec4 8;
    %jmp/0xz  T_14.0, 8;
    %pushi/vec4 1, 0, 4;
    %assign/vec4 v0x2847dc0_0, 0;
    %jmp T_14.1;
T_14.0 ;
    %load/vec4 v0x28478c0_0;
    %flag_set/vec4 8;
    %jmp/0xz  T_14.2, 8;
    %pushi/vec4 0, 0, 32;
    %store/vec4 v0x28480c0_0, 0, 32;
T_14.4 ;
    %load/vec4 v0x28480c0_0;
    %cmpi/s 4, 0, 32;
    %jmp/0xz T_14.5, 5;
    %fork t_1, S_0x2846ec0;
    %jmp t_0;
    .scope S_0x2846ec0;
t_1 ;
    %load/vec4 v0x28479d0_0;
    %load/vec4 v0x28480c0_0;
    %part/s 1;
    %flag_set/vec4 8;
    %jmp/0xz  T_14.6, 8;
    %ix/getv/s 4, v0x28480c0_0;
    %load/vec4a v0x2847ea0, 4;
    %assign/vec4 v0x2847dc0_0, 0;
T_14.6 ;
    %end;
    .scope S_0x281de40;
t_0 %join;
    %load/vec4 v0x28480c0_0;
    %addi 1, 0, 32;
    %store/vec4 v0x28480c0_0, 0, 32;
    %jmp T_14.4;
T_14.5 ;
T_14.2 ;
T_14.1 ;
    %jmp T_14;
    .thread T_14;
    .scope S_0x2814460;
T_15 ;
    %wait E_0x2809070;
    %fork t_3, S_0x284a1e0;
    %jmp t_2;
    .scope S_0x284a1e0;
t_3 ;
    %load/vec4 v0x284df70_0;
    %pad/u 32;
    %pushi/vec4 0, 0, 32;
    %cmp/e;
    %flag_get/vec4 4;
    %load/vec4 v0x284dc60_0;
    %pad/u 32;
    %pushi/vec4 1, 0, 32;
    %cmp/e;
    %flag_get/vec4 4;
    %and;
    %flag_set/vec4 8;
    %jmp/0xz  T_15.0, 8;
    %load/vec4 v0x284eb10_0;
    %load/vec4 v0x284dea0_0;
    %pad/u 32;
    %muli 32, 0, 32;
    %part/u 32;
    %store/vec4 v0x284e390_0, 0, 32;
    %load/vec4 v0x284dea0_0;
    %store/vec4 v0x284e0f0_0, 0, 2;
    %load/vec4 v0x284f5a0_0;
    %load/vec4 v0x284dea0_0;
    %part/u 1;
    %pad/u 32;
    %cmpi/e 1, 0, 32;
    %jmp/0xz  T_15.2, 4;
    %pushi/vec4 2, 0, 2;
    %store/vec4 v0x284e550_0, 0, 2;
    %jmp T_15.3;
T_15.2 ;
    %pushi/vec4 0, 0, 4;
    %store/vec4 v0x284dd00_0, 0, 4;
    %load/vec4 v0x284d190_0;
    %store/vec4 v0x284e1d0_0, 0, 4;
    %pushi/vec4 4, 0, 4;
    %store/vec4 v0x284e7f0_0, 0, 4;
    %pushi/vec4 1, 0, 2;
    %store/vec4 v0x284e550_0, 0, 2;
T_15.3 ;
    %pushi/vec4 0, 0, 32;
    %store/vec4 v0x284a440_0, 0, 32;
T_15.4 ;
    %load/vec4 v0x284a440_0;
    %cmpi/s 4, 0, 32;
    %jmp/0xz T_15.5, 5;
    %load/vec4 v0x284e390_0;
    %load/vec4 v0x284dea0_0;
    %pad/u 32;
    %muli 32, 0, 32;
    %ix/vec4 4;
    %store/vec4 v0x284e2b0_0, 4, 32;
    %load/vec4 v0x284a440_0;
    %addi 1, 0, 32;
    %store/vec4 v0x284a440_0, 0, 32;
    %jmp T_15.4;
T_15.5 ;
T_15.0 ;
    %end;
    .scope S_0x2814460;
t_2 %join;
    %jmp T_15;
    .thread T_15, $push;
    .scope S_0x2814460;
T_16 ;
    %wait E_0x280a120;
    %load/vec4 v0x284e9a0_0;
    %pad/u 32;
    %cmpi/e 1, 0, 32;
    %jmp/0xz  T_16.0, 4;
    %pushi/vec4 1, 0, 4;
    %store/vec4 v0x284e7f0_0, 0, 4;
T_16.0 ;
    %load/vec4 v0x284e7f0_0;
    %dup/vec4;
    %pushi/vec4 1, 0, 4;
    %cmp/u;
    %jmp/1 T_16.2, 6;
    %dup/vec4;
    %pushi/vec4 4, 0, 4;
    %cmp/u;
    %jmp/1 T_16.3, 6;
    %dup/vec4;
    %pushi/vec4 8, 0, 4;
    %cmp/u;
    %jmp/1 T_16.4, 6;
    %pushi/vec4 1, 0, 4;
    %store/vec4 v0x284e7f0_0, 0, 4;
    %jmp T_16.6;
T_16.2 ;
    %pushi/vec4 0, 0, 1;
    %store/vec4 v0x284df70_0, 0, 1;
    %load/vec4 v0x284d190_0;
    %store/vec4 v0x284dd00_0, 0, 4;
    %pushi/vec4 0, 0, 2;
    %store/vec4 v0x284e550_0, 0, 2;
    %pushi/vec4 2, 0, 2;
    %store/vec4 v0x284e010_0, 0, 2;
    %jmp T_16.6;
T_16.3 ;
    %pushi/vec4 1, 0, 2;
    %store/vec4 v0x284e550_0, 0, 2;
    %load/vec4 v0x284e010_0;
    %dup/vec4;
    %pushi/vec4 3, 0, 2;
    %cmp/u;
    %jmp/1 T_16.7, 6;
    %dup/vec4;
    %pushi/vec4 0, 0, 2;
    %cmp/u;
    %jmp/1 T_16.8, 6;
    %jmp T_16.10;
T_16.7 ;
    %jmp T_16.10;
T_16.8 ;
    %pushi/vec4 8, 0, 4;
    %store/vec4 v0x284e7f0_0, 0, 4;
    %jmp T_16.10;
T_16.10 ;
    %pop/vec4 1;
    %jmp T_16.6;
T_16.4 ;
    %pushi/vec4 1, 0, 1;
    %store/vec4 v0x284df70_0, 0, 1;
    %load/vec4 v0x284e1d0_0;
    %store/vec4 v0x284dd00_0, 0, 4;
    %jmp T_16.6;
T_16.6 ;
    %pop/vec4 1;
    %jmp T_16;
    .thread T_16;
    .scope S_0x2814460;
T_17 ;
    %wait E_0x280b1d0;
    %fork t_5, S_0x284a540;
    %jmp t_4;
    .scope S_0x284a540;
t_5 ;
    %load/vec4 v0x284e470_0;
    %pad/u 32;
    %cmpi/e 0, 0, 32;
    %jmp/0xz  T_17.0, 4;
    %pushi/vec4 0, 0, 2;
    %store/vec4 v0x284e010_0, 0, 2;
    %jmp T_17.1;
T_17.0 ;
    %pushi/vec4 0, 0, 32;
    %store/vec4 v0x284a6c0_0, 0, 32;
T_17.2 ;
    %load/vec4 v0x284a6c0_0;
    %cmpi/s 4, 0, 32;
    %jmp/0xz T_17.3, 5;
    %load/vec4 v0x284e470_0;
    %load/vec4 v0x284a6c0_0;
    %muli 2, 0, 32;
    %part/s 2;
    %cmpi/e 3, 0, 2;
    %jmp/0xz  T_17.4, 4;
    %pushi/vec4 3, 0, 2;
    %store/vec4 v0x284e010_0, 0, 2;
    %load/vec4 v0x284e710_0;
    %load/vec4 v0x284a6c0_0;
    %muli 32, 0, 32;
    %part/s 32;
    %store/vec4 v0x284e630_0, 0, 32;
T_17.4 ;
    %load/vec4 v0x284a6c0_0;
    %addi 1, 0, 32;
    %store/vec4 v0x284a6c0_0, 0, 32;
    %jmp T_17.2;
T_17.3 ;
T_17.1 ;
    %end;
    .scope S_0x2814460;
t_4 %join;
    %jmp T_17;
    .thread T_17, $push;
    .scope S_0x280be60;
T_18 ;
    %pushi/vec4 1, 0, 1;
    %store/vec4 v0x2851380_0, 0, 1;
    %pushi/vec4 0, 0, 1;
    %store/vec4 v0x280c270_0, 0, 1;
    %pushi/vec4 0, 0, 4;
    %store/vec4 v0x28508b0_0, 0, 4;
    %pushi/vec4 0, 0, 4;
    %store/vec4 v0x2850e90_0, 0, 4;
    %end;
    .thread T_18;
    .scope S_0x280be60;
T_19 ;
    %delay 100, 0;
    %load/vec4 v0x280c270_0;
    %nor/r;
    %store/vec4 v0x280c270_0, 0, 1;
    %jmp T_19;
    .thread T_19;
    .scope S_0x280be60;
T_20 ;
    %vpi_call 2 129 "$dumpfile", "result.vcd" {0 0 0};
    %vpi_call 2 130 "$dumpvars" {0 0 0};
    %end;
    .thread T_20;
    .scope S_0x280be60;
T_21 ;
    %delay 1000, 0;
    %pushi/vec4 0, 0, 1;
    %store/vec4 v0x2851380_0, 0, 1;
    %pushi/vec4 15, 0, 4;
    %store/vec4 v0x28508b0_0, 0, 4;
    %pushi/vec4 0, 0, 4;
    %store/vec4 v0x2850e90_0, 0, 4;
    %delay 500, 0;
    %load/vec4 v0x2851100_0;
    %cmpi/e 1, 0, 2;
    %jmp/0xz  T_21.0, 4;
    %vpi_call 2 144 "$display", "[OK] snoop type read is active" {0 0 0};
    %jmp T_21.1;
T_21.0 ;
    %vpi_call 2 148 "$display", "****[ERROR] something is wrong with snoop type switch to read mode" {0 0 0};
T_21.1 ;
    %delay 1000, 0;
    %pushi/vec4 0, 0, 8;
    %store/vec4 v0x2851030_0, 0, 8;
    %delay 1000, 0;
    %load/vec4 v0x284e7f0_0;
    %cmpi/e 8, 0, 4;
    %jmp/0xz  T_21.2, 4;
    %vpi_call 2 158 "$display", "[OK] we're accessing to memory" {0 0 0};
    %jmp T_21.3;
T_21.2 ;
    %vpi_call 2 162 "$display", "****[ERROR] not in MEM_ACCESS state. something is wrong" {0 0 0};
T_21.3 ;
    %delay 1000, 0;
    %pushi/vec4 1, 0, 1;
    %store/vec4 v0x2851420_0, 0, 1;
    %pushi/vec4 1, 0, 32;
    %store/vec4 v0x28517a0_0, 0, 32;
    %delay 1000, 0;
    %pushi/vec4 0, 0, 1;
    %ix/getv 4, v0x284dea0_0;
    %store/vec4 v0x28508b0_0, 4, 1;
    %pushi/vec4 0, 0, 32;
    %store/vec4 v0x28517a0_0, 0, 32;
    %pushi/vec4 0, 0, 1;
    %store/vec4 v0x2851420_0, 0, 1;
    %delay 1000, 0;
    %pushi/vec4 1, 0, 1;
    %store/vec4 v0x2851380_0, 0, 1;
    %delay 4000, 0;
    %pushi/vec4 0, 0, 1;
    %store/vec4 v0x2851380_0, 0, 1;
    %delay 1000, 0;
    %pushi/vec4 3, 0, 8;
    %store/vec4 v0x2851030_0, 0, 8;
    %pushi/vec4 64, 0, 128;
    %store/vec4 v0x28511d0_0, 0, 128;
    %delay 1000, 0;
    %load/vec4 v0x2850a20_0;
    %parti/s 33, 0, 2;
    %pushi/vec4 64, 0, 33;
    %cmp/e;
    %flag_get/vec4 4;
    %load/vec4 v0x2850550_0;
    %parti/s 1, 1, 2;
    %pad/u 32;
    %pushi/vec4 1, 0, 32;
    %cmp/e;
    %flag_get/vec4 4;
    %and;
    %flag_set/vec4 8;
    %jmp/0xz  T_21.4, 8;
    %vpi_call 2 191 "$display", "[OK] data has been forwarded properly" {0 0 0};
    %jmp T_21.5;
T_21.4 ;
    %vpi_call 2 195 "$display", "****[ERROR] something is wrong with data forwarding in case of a successful poll" {0 0 0};
T_21.5 ;
    %pushi/vec4 0, 0, 1;
    %ix/load 4, 1, 0;
    %flag_set/imm 4, 0;
    %store/vec4 v0x28508b0_0, 4, 1;
    %delay 1000, 0;
    %pushi/vec4 1, 0, 1;
    %store/vec4 v0x2851380_0, 0, 1;
    %delay 4000, 0;
    %pushi/vec4 0, 0, 1;
    %store/vec4 v0x2851380_0, 0, 1;
    %pushi/vec4 1, 0, 1;
    %ix/load 4, 2, 0;
    %flag_set/imm 4, 0;
    %store/vec4 v0x2850e90_0, 4, 1;
    %pushi/vec4 55, 0, 32;
    %ix/load 4, 64, 0;
    %flag_set/imm 4, 0;
    %store/vec4 v0x2850950_0, 4, 32;
    %delay 2000, 0;
    %pushi/vec4 1, 0, 1;
    %store/vec4 v0x2851420_0, 0, 1;
    %pushi/vec4 1, 0, 32;
    %store/vec4 v0x28517a0_0, 0, 32;
    %delay 1000, 0;
    %pushi/vec4 0, 0, 1;
    %ix/getv 4, v0x284dea0_0;
    %store/vec4 v0x28508b0_0, 4, 1;
    %pushi/vec4 0, 0, 32;
    %store/vec4 v0x28517a0_0, 0, 32;
    %pushi/vec4 0, 0, 1;
    %store/vec4 v0x2851420_0, 0, 1;
    %delay 1000, 0;
    %pushi/vec4 1, 0, 1;
    %store/vec4 v0x2851380_0, 0, 1;
    %delay 10000, 0;
    %vpi_call 2 225 "$finish" {0 0 0};
    %end;
    .thread T_21;
# The file index is used to find the file name in the following table.
:file_names 6;
    "N/A";
    "<interactive>";
    "wb_snoop_arbiter_tb.v";
    "./wb_snoop_arbiter.v";
    "arbiter.v";
    "./verilog_utils.vh";
